# JRE version: OpenJDK Runtime Environment (8.0_162-b12) (build 1.8.0_162-8u162-b12-1-b12)
# Java VM: OpenJDK 64-Bit Server VM (25.162-b12 mixed mode linux-amd64 compressed oops)
Heap:
 PSYoungGen      total 67584K, used 3876K [0x00000000eb900000, 0x00000000eff00000, 0x0000000100000000)
  eden space 63488K, 0% used [0x00000000eb900000,0x00000000eb900000,0x00000000ef700000)
  from space 4096K, 94% used [0x00000000ef700000,0x00000000efac9360,0x00000000efb00000)
  to   space 4096K, 0% used [0x00000000efb00000,0x00000000efb00000,0x00000000eff00000)
 ParOldGen       total 42496K, used 4066K [0x00000000c2a00000, 0x00000000c5380000, 0x00000000eb900000)
  object space 42496K, 9% used [0x00000000c2a00000,0x00000000c2df8a00,0x00000000c5380000)
 Metaspace       used 13615K, capacity 14202K, committed 14464K, reserved 1060864K
  class space    used 1913K, capacity 2085K, committed 2176K, reserved 1048576K
GC Heap History (10 events):
Event: 1,513 GC heap after
Heap after GC invocations=2 (full 0):
 PSYoungGen      total 18432K, used 2542K [0x00000000eb900000, 0x00000000edd00000, 0x0000000100000000)
  eden space 15872K, 0% used [0x00000000eb900000,0x00000000eb900000,0x00000000ec880000)
  from space 2560K, 99% used [0x00000000ecb00000,0x00000000ecd7b9b0,0x00000000ecd80000)
  to   space 2560K, 0% used [0x00000000ec880000,0x00000000ec880000,0x00000000ecb00000)
 ParOldGen       total 42496K, used 929K [0x00000000c2a00000, 0x00000000c5380000, 0x00000000eb900000)
  object space 42496K, 2% used [0x00000000c2a00000,0x00000000c2ae8560,0x00000000c5380000)
 Metaspace       used 8613K, capacity 8906K, committed 9088K, reserved 1056768K
  class space    used 1017K, capacity 1136K, committed 1152K, reserved 1048576K
}
Event: 1,653 GC heap before
{Heap before GC invocations=3 (full 0):
 PSYoungGen      total 18432K, used 18414K [0x00000000eb900000, 0x00000000edd00000, 0x0000000100000000)
  eden space 15872K, 100% used [0x00000000eb900000,0x00000000ec880000,0x00000000ec880000)
  from space 2560K, 99% used [0x00000000ecb00000,0x00000000ecd7b9b0,0x00000000ecd80000)
  to   space 2560K, 0% used [0x00000000ec880000,0x00000000ec880000,0x00000000ecb00000)
 ParOldGen       total 42496K, used 929K [0x00000000c2a00000, 0x00000000c5380000, 0x00000000eb900000)
  object space 42496K, 2% used [0x00000000c2a00000,0x00000000c2ae8560,0x00000000c5380000)
 Metaspace       used 9591K, capacity 9888K, committed 9984K, reserved 1058816K
  class space    used 1158K, capacity 1246K, committed 1280K, reserved 1048576K
Event: 1,657 GC heap after
Heap after GC invocations=3 (full 0):
 PSYoungGen      total 18432K, used 2544K [0x00000000eb900000, 0x00000000edd00000, 0x0000000100000000)
  eden space 15872K, 0% used [0x00000000eb900000,0x00000000eb900000,0x00000000ec880000)
  from space 2560K, 99% used [0x00000000ec880000,0x00000000ecafc060,0x00000000ecb00000)
  to   space 2560K, 0% used [0x00000000eda80000,0x00000000eda80000,0x00000000edd00000)
 ParOldGen       total 42496K, used 1886K [0x00000000c2a00000, 0x00000000c5380000, 0x00000000eb900000)
  object space 42496K, 4% used [0x00000000c2a00000,0x00000000c2bd7bd8,0x00000000c5380000)
 Metaspace       used 9591K, capacity 9888K, committed 9984K, reserved 1058816K
  class space    used 1158K, capacity 1246K, committed 1280K, reserved 1048576K
}
Event: 1,762 GC heap before
{Heap before GC invocations=4 (full 0):
 PSYoungGen      total 18432K, used 18416K [0x00000000eb900000, 0x00000000edd00000, 0x0000000100000000)
  eden space 15872K, 100% used [0x00000000eb900000,0x00000000ec880000,0x00000000ec880000)
  from space 2560K, 99% used [0x00000000ec880000,0x00000000ecafc060,0x00000000ecb00000)
  to   space 2560K, 0% used [0x00000000eda80000,0x00000000eda80000,0x00000000edd00000)
 ParOldGen       total 42496K, used 1886K [0x00000000c2a00000, 0x00000000c5380000, 0x00000000eb900000)
  object space 42496K, 4% used [0x00000000c2a00000,0x00000000c2bd7bd8,0x00000000c5380000)
 Metaspace       used 10324K, capacity 10664K, committed 10880K, reserved 1058816K
  class space    used 1255K, capacity 1376K, committed 1408K, reserved 1048576K
Event: 1,766 GC heap after
Heap after GC invocations=4 (full 0):
 PSYoungGen      total 34304K, used 2528K [0x00000000eb900000, 0x00000000edd00000, 0x0000000100000000)
  eden space 31744K, 0% used [0x00000000eb900000,0x00000000eb900000,0x00000000ed800000)
  from space 2560K, 98% used [0x00000000eda80000,0x00000000edcf8040,0x00000000edd00000)
  to   space 2560K, 0% used [0x00000000ed800000,0x00000000ed800000,0x00000000eda80000)
 ParOldGen       total 42496K, used 2171K [0x00000000c2a00000, 0x00000000c5380000, 0x00000000eb900000)
  object space 42496K, 5% used [0x00000000c2a00000,0x00000000c2c1eed8,0x00000000c5380000)
 Metaspace       used 10324K, capacity 10664K, committed 10880K, reserved 1058816K
  class space    used 1255K, capacity 1376K, committed 1408K, reserved 1048576K
}
Event: 1,869 GC heap before
{Heap before GC invocations=5 (full 0):
 PSYoungGen      total 34304K, used 34272K [0x00000000eb900000, 0x00000000edd00000, 0x0000000100000000)
  eden space 31744K, 100% used [0x00000000eb900000,0x00000000ed800000,0x00000000ed800000)
  from space 2560K, 98% used [0x00000000eda80000,0x00000000edcf8040,0x00000000edd00000)
  to   space 2560K, 0% used [0x00000000ed800000,0x00000000ed800000,0x00000000eda80000)
 ParOldGen       total 42496K, used 2171K [0x00000000c2a00000, 0x00000000c5380000, 0x00000000eb900000)
  object space 42496K, 5% used [0x00000000c2a00000,0x00000000c2c1eed8,0x00000000c5380000)
 Metaspace       used 10574K, capacity 10896K, committed 11008K, reserved 1058816K
  class space    used 1333K, capacity 1448K, committed 1536K, reserved 1048576K
Event: 1,873 GC heap after
Heap after GC invocations=5 (full 0):
 PSYoungGen      total 34304K, used 2528K [0x00000000eb900000, 0x00000000eff00000, 0x0000000100000000)
  eden space 31744K, 0% used [0x00000000eb900000,0x00000000eb900000,0x00000000ed800000)
  from space 2560K, 98% used [0x00000000ed800000,0x00000000eda78040,0x00000000eda80000)
  to   space 4096K, 0% used [0x00000000efb00000,0x00000000efb00000,0x00000000eff00000)
 ParOldGen       total 42496K, used 2472K [0x00000000c2a00000, 0x00000000c5380000, 0x00000000eb900000)
  object space 42496K, 5% used [0x00000000c2a00000,0x00000000c2c6a318,0x00000000c5380000)
 Metaspace       used 10574K, capacity 10896K, committed 11008K, reserved 1058816K
  class space    used 1333K, capacity 1448K, committed 1536K, reserved 1048576K
}
Event: 1,941 GC heap before
{Heap before GC invocations=6 (full 0):
 PSYoungGen      total 34304K, used 34272K [0x00000000eb900000, 0x00000000eff00000, 0x0000000100000000)
  eden space 31744K, 100% used [0x00000000eb900000,0x00000000ed800000,0x00000000ed800000)
  from space 2560K, 98% used [0x00000000ed800000,0x00000000eda78040,0x00000000eda80000)
  to   space 4096K, 0% used [0x00000000efb00000,0x00000000efb00000,0x00000000eff00000)
 ParOldGen       total 42496K, used 2472K [0x00000000c2a00000, 0x00000000c5380000, 0x00000000eb900000)
  object space 42496K, 5% used [0x00000000c2a00000,0x00000000c2c6a318,0x00000000c5380000)
 Metaspace       used 10663K, capacity 11032K, committed 11264K, reserved 1058816K
  class space    used 1347K, capacity 1450K, committed 1536K, reserved 1048576K
Event: 1,944 GC heap after
Heap after GC invocations=6 (full 0):
 PSYoungGen      total 67584K, used 2768K [0x00000000eb900000, 0x00000000eff00000, 0x0000000100000000)
  eden space 63488K, 0% used [0x00000000eb900000,0x00000000eb900000,0x00000000ef700000)
  from space 4096K, 67% used [0x00000000efb00000,0x00000000efdb4050,0x00000000eff00000)
  to   space 4096K, 0% used [0x00000000ef700000,0x00000000ef700000,0x00000000efb00000)
 ParOldGen       total 42496K, used 2472K [0x00000000c2a00000, 0x00000000c5380000, 0x00000000eb900000)
  object space 42496K, 5% used [0x00000000c2a00000,0x00000000c2c6a318,0x00000000c5380000)
 Metaspace       used 10663K, capacity 11032K, committed 11264K, reserved 1058816K
  class space    used 1347K, capacity 1450K, committed 1536K, reserved 1048576K
}
Event: 2,843 GC heap before
{Heap before GC invocations=7 (full 0):
 PSYoungGen      total 67584K, used 66256K [0x00000000eb900000, 0x00000000eff00000, 0x0000000100000000)
  eden space 63488K, 100% used [0x00000000eb900000,0x00000000ef700000,0x00000000ef700000)
  from space 4096K, 67% used [0x00000000efb00000,0x00000000efdb4050,0x00000000eff00000)
  to   space 4096K, 0% used [0x00000000ef700000,0x00000000ef700000,0x00000000efb00000)
 ParOldGen       total 42496K, used 2472K [0x00000000c2a00000, 0x00000000c5380000, 0x00000000eb900000)
  object space 42496K, 5% used [0x00000000c2a00000,0x00000000c2c6a318,0x00000000c5380000)
 Metaspace       used 13615K, capacity 14202K, committed 14464K, reserved 1060864K
  class space    used 1913K, capacity 2085K, committed 2176K, reserved 1048576K

